<?xml version="1.0" encoding="UTF-8"?>
<!-- Generated by org.testng.reporters.JUnitReportReporter -->
<testsuite hostname="DESKTOP-GAS9SHC" failures="0" tests="3" name="project.Testng2" time="0.007" errors="0" timestamp="2022-03-12T23:20:53 PST" skipped="0">
  <testcase classname="project.Testng2" name="tc_1" time="0.002"/>
  <system-out/>
  <testcase classname="project.Testng2" name="tc_3" time="0.002"/>
  <system-out/>
  <testcase classname="project.Testng2" name="tc_2" time="0.003"/>
  <system-out/>
</testsuite> <!-- project.Testng2 -->
