<?xml version="1.0" encoding="UTF-8"?>
<!-- Generated by org.testng.reporters.JUnitReportReporter -->
<testsuite hostname="DESKTOP-GAS9SHC" failures="0" tests="3" name="project.Testng2" time="0.015" errors="0" timestamp="14 Mar 2022 02:58:18 GMT" skipped="0">
  <testcase classname="project.Testng2" name="tc_1" time="0.008"/>
  <testcase classname="project.Testng2" name="tc_3" time="0.004"/>
  <testcase classname="project.Testng2" name="tc_2" time="0.003"/>
</testsuite> <!-- project.Testng2 -->
